{
"contracts/CXN.sol":{"l":{"18":22,"19":22,"21":22,"35":30,"49":39,"50":39,"52":39,"69":27,"70":9,"73":18,"74":18,"76":18,"92":27,"108":27,"109":27,"112":27,"208":1,"210":1,"211":1,"212":1,"213":1,"214":1,"215":1,"216":1,"217":1,"218":1,"219":1,"220":1,"222":1,"223":1,"224":1,"225":1,"226":1,"227":1,"229":1,"236":1,"244":1,"261":1,"268":6,"275":35,"279":6,"283":6,"287":1,"290":1,"291":1,"293":1,"308":6,"310":6,"317":4,"328":1,"329":1,"345":1,"346":1,"347":1,"363":1,"364":1,"382":1,"383":1,"401":7,"402":7,"403":7,"405":7,"407":7,"409":7,"410":5,"412":7,"414":7,"416":7,"418":7,"419":2,"420":2,"422":2,"424":2,"427":2,"428":2,"429":2,"449":4,"450":4,"452":4,"453":4,"457":2,"458":2,"459":2,"463":3,"464":3,"466":3,"468":3,"469":3,"470":3,"471":3,"474":3,"478":1,"480":1,"482":1,"484":1,"486":1,"489":1,"491":1,"493":1,"495":1,"496":1,"498":1,"502":6,"503":6,"504":3,"507":3,"508":3,"509":3,"510":3,"511":3,"515":12,"516":12,"521":1,"522":1,"527":5,"531":1,"532":1,"533":1,"534":1,"538":1},"path":"/home/abhi/Projects/cxn/contracts/CXN.sol","s":{"1":22,"2":22,"3":22,"4":30,"5":39,"6":39,"7":39,"8":27,"9":9,"10":18,"11":18,"12":18,"13":27,"14":27,"15":27,"16":27,"17":1,"18":1,"19":1,"20":1,"21":1,"22":1,"23":1,"24":1,"25":1,"26":1,"27":1,"28":1,"29":1,"30":1,"31":1,"32":1,"33":1,"34":1,"35":1,"36":1,"37":1,"38":1,"39":6,"40":35,"41":6,"42":6,"43":1,"44":1,"45":1,"46":1,"47":6,"48":6,"49":4,"50":1,"51":1,"52":1,"53":1,"54":1,"55":1,"56":1,"57":1,"58":1,"59":7,"60":7,"61":7,"62":7,"63":7,"64":7,"65":5,"66":7,"67":7,"68":7,"69":7,"70":2,"71":2,"72":2,"73":2,"74":2,"75":2,"76":2,"77":4,"78":4,"79":4,"80":4,"81":2,"82":2,"83":2,"84":3,"85":3,"86":3,"87":3,"88":3,"89":3,"90":3,"91":3,"92":1,"93":1,"94":1,"95":1,"96":1,"97":1,"98":1,"99":1,"100":1,"101":1,"102":1,"103":6,"104":6,"105":3,"106":3,"107":3,"108":3,"109":3,"110":3,"111":12,"112":12,"113":1,"114":1,"115":5,"116":1,"117":1,"118":1,"119":1,"120":1},"b":{"1":[22,0],"2":[39,0],"3":[9,18],"4":[18,0],"5":[27,0],"6":[1,0],"7":[1,0],"8":[7,0],"9":[7,0],"10":[7,0],"11":[5,2],"12":[2,5],"13":[2,0],"14":[4,0],"15":[4,0],"16":[2,0],"17":[3,0],"18":[3,0],"19":[1,0],"20":[3,3],"21":[1,0],"22":[1,0]},"f":{"1":22,"2":30,"3":39,"4":27,"5":27,"6":27,"7":1,"8":1,"9":1,"10":1,"11":6,"12":35,"13":6,"14":6,"15":1,"16":6,"17":4,"18":1,"19":1,"20":1,"21":1,"22":7,"23":4,"24":2,"25":3,"26":1,"27":6,"28":12,"29":1,"30":5,"31":1,"32":1},"fnMap":{"1":{"name":"add","line":17,"loc":{"start":{"line":17,"column":4},"end":{"line":22,"column":4}}},"2":{"name":"sub","line":34,"loc":{"start":{"line":34,"column":4},"end":{"line":36,"column":4}}},"3":{"name":"sub","line":48,"loc":{"start":{"line":48,"column":4},"end":{"line":53,"column":4}}},"4":{"name":"mul","line":65,"loc":{"start":{"line":65,"column":4},"end":{"line":77,"column":4}}},"5":{"name":"div","line":91,"loc":{"start":{"line":91,"column":4},"end":{"line":93,"column":4}}},"6":{"name":"div","line":107,"loc":{"start":{"line":107,"column":4},"end":{"line":113,"column":4}}},"7":{"name":"constructor","line":206,"loc":{"start":{"line":206,"column":4},"end":{"line":230,"column":4}}},"8":{"name":"name","line":235,"loc":{"start":{"line":235,"column":4},"end":{"line":237,"column":4}}},"9":{"name":"symbol","line":243,"loc":{"start":{"line":243,"column":4},"end":{"line":245,"column":4}}},"10":{"name":"decimals","line":260,"loc":{"start":{"line":260,"column":4},"end":{"line":262,"column":4}}},"11":{"name":"totalSupply","line":267,"loc":{"start":{"line":267,"column":4},"end":{"line":269,"column":4}}},"12":{"name":"balanceOf","line":274,"loc":{"start":{"line":274,"column":4},"end":{"line":276,"column":4}}},"13":{"name":"stakeOf","line":278,"loc":{"start":{"line":278,"column":4},"end":{"line":280,"column":4}}},"14":{"name":"totalStake","line":282,"loc":{"start":{"line":282,"column":4},"end":{"line":284,"column":4}}},"15":{"name":"changeAdmin","line":286,"loc":{"start":{"line":286,"column":4},"end":{"line":295,"column":4}}},"16":{"name":"transfer","line":307,"loc":{"start":{"line":307,"column":4},"end":{"line":311,"column":4}}},"17":{"name":"allowance","line":316,"loc":{"start":{"line":316,"column":4},"end":{"line":318,"column":4}}},"18":{"name":"approve","line":327,"loc":{"start":{"line":327,"column":4},"end":{"line":330,"column":4}}},"19":{"name":"transferFrom","line":344,"loc":{"start":{"line":344,"column":4},"end":{"line":348,"column":4}}},"20":{"name":"increaseAllowance","line":362,"loc":{"start":{"line":362,"column":4},"end":{"line":365,"column":4}}},"21":{"name":"decreaseAllowance","line":381,"loc":{"start":{"line":381,"column":4},"end":{"line":384,"column":4}}},"22":{"name":"_transfer","line":400,"loc":{"start":{"line":400,"column":4},"end":{"line":433,"column":4}}},"23":{"name":"_approve","line":448,"loc":{"start":{"line":448,"column":4},"end":{"line":454,"column":4}}},"24":{"name":"eliters","line":456,"loc":{"start":{"line":456,"column":4},"end":{"line":460,"column":1}}},"25":{"name":"stake","line":462,"loc":{"start":{"line":462,"column":4},"end":{"line":475,"column":4}}},"26":{"name":"unStake","line":477,"loc":{"start":{"line":477,"column":4},"end":{"line":499,"column":4}}},"27":{"name":"redeemGain","line":501,"loc":{"start":{"line":501,"column":4},"end":{"line":512,"column":4}}},"28":{"name":"stakeReturnOf","line":514,"loc":{"start":{"line":514,"column":4},"end":{"line":518,"column":1}}},"29":{"name":"_stakeReturnOfAmount","line":520,"loc":{"start":{"line":520,"column":1},"end":{"line":523,"column":1}}},"30":{"name":"partyDetails","line":526,"loc":{"start":{"line":526,"column":4},"end":{"line":528,"column":4}}},"31":{"name":"setMinStake","line":530,"loc":{"start":{"line":530,"column":4},"end":{"line":535,"column":4}}},"32":{"name":"minStake","line":537,"loc":{"start":{"line":537,"column":4},"end":{"line":539,"column":4}}}},"statementMap":{"1":{"start":{"line":18,"column":8},"end":{"line":18,"column":25}},"2":{"start":{"line":19,"column":8},"end":{"line":19,"column":53}},"3":{"start":{"line":21,"column":8},"end":{"line":21,"column":16}},"4":{"start":{"line":35,"column":8},"end":{"line":35,"column":58}},"5":{"start":{"line":49,"column":8},"end":{"line":49,"column":36}},"6":{"start":{"line":50,"column":8},"end":{"line":50,"column":25}},"7":{"start":{"line":52,"column":8},"end":{"line":52,"column":16}},"8":{"start":{"line":69,"column":8},"end":{"line":69,"column":1921}},"9":{"start":{"line":70,"column":12},"end":{"line":70,"column":20}},"10":{"start":{"line":73,"column":8},"end":{"line":73,"column":25}},"11":{"start":{"line":74,"column":8},"end":{"line":74,"column":63}},"12":{"start":{"line":76,"column":8},"end":{"line":76,"column":16}},"13":{"start":{"line":92,"column":8},"end":{"line":92,"column":54}},"14":{"start":{"line":108,"column":8},"end":{"line":108,"column":35}},"15":{"start":{"line":109,"column":8},"end":{"line":109,"column":25}},"16":{"start":{"line":112,"column":8},"end":{"line":112,"column":16}},"17":{"start":{"line":208,"column":8},"end":{"line":208,"column":29}},"18":{"start":{"line":210,"column":7},"end":{"line":210,"column":25}},"19":{"start":{"line":211,"column":7},"end":{"line":211,"column":27}},"20":{"start":{"line":212,"column":7},"end":{"line":212,"column":21}},"21":{"start":{"line":213,"column":7},"end":{"line":213,"column":20}},"22":{"start":{"line":214,"column":7},"end":{"line":214,"column":19}},"23":{"start":{"line":215,"column":7},"end":{"line":215,"column":21}},"24":{"start":{"line":216,"column":7},"end":{"line":216,"column":25}},"25":{"start":{"line":217,"column":7},"end":{"line":217,"column":26}},"26":{"start":{"line":218,"column":7},"end":{"line":218,"column":23}},"27":{"start":{"line":219,"column":7},"end":{"line":219,"column":20}},"28":{"start":{"line":220,"column":7},"end":{"line":220,"column":22}},"29":{"start":{"line":222,"column":8},"end":{"line":222,"column":32}},"30":{"start":{"line":223,"column":2},"end":{"line":223,"column":34}},"31":{"start":{"line":224,"column":2},"end":{"line":224,"column":50}},"32":{"start":{"line":225,"column":8},"end":{"line":225,"column":29}},"33":{"start":{"line":226,"column":2},"end":{"line":226,"column":55}},"34":{"start":{"line":227,"column":2},"end":{"line":227,"column":26}},"35":{"start":{"line":229,"column":8},"end":{"line":229,"column":26}},"36":{"start":{"line":236,"column":8},"end":{"line":236,"column":20}},"37":{"start":{"line":244,"column":8},"end":{"line":244,"column":22}},"38":{"start":{"line":261,"column":8},"end":{"line":261,"column":24}},"39":{"start":{"line":268,"column":8},"end":{"line":268,"column":33}},"40":{"start":{"line":275,"column":8},"end":{"line":275,"column":46}},"41":{"start":{"line":279,"column":8},"end":{"line":279,"column":45}},"42":{"start":{"line":283,"column":8},"end":{"line":283,"column":33}},"43":{"start":{"line":287,"column":8},"end":{"line":287,"column":42}},"44":{"start":{"line":290,"column":8},"end":{"line":290,"column":55}},"45":{"start":{"line":291,"column":8},"end":{"line":291,"column":24}},"46":{"start":{"line":293,"column":8},"end":{"line":293,"column":32}},"47":{"start":{"line":308,"column":8},"end":{"line":308,"column":47}},"48":{"start":{"line":310,"column":8},"end":{"line":310,"column":19}},"49":{"start":{"line":317,"column":8},"end":{"line":317,"column":55}},"50":{"start":{"line":328,"column":8},"end":{"line":328,"column":44}},"51":{"start":{"line":329,"column":8},"end":{"line":329,"column":19}},"52":{"start":{"line":345,"column":8},"end":{"line":345,"column":43}},"53":{"start":{"line":346,"column":8},"end":{"line":346,"column":135}},"54":{"start":{"line":347,"column":8},"end":{"line":347,"column":19}},"55":{"start":{"line":363,"column":8},"end":{"line":363,"column":99}},"56":{"start":{"line":364,"column":8},"end":{"line":364,"column":19}},"57":{"start":{"line":382,"column":8},"end":{"line":382,"column":143}},"58":{"start":{"line":383,"column":8},"end":{"line":383,"column":19}},"59":{"start":{"line":401,"column":8},"end":{"line":401,"column":75}},"60":{"start":{"line":402,"column":8},"end":{"line":402,"column":76}},"61":{"start":{"line":403,"column":8},"end":{"line":403,"column":43}},"62":{"start":{"line":405,"column":8},"end":{"line":405,"column":122}},"63":{"start":{"line":407,"column":8},"end":{"line":407,"column":55}},"64":{"start":{"line":409,"column":8},"end":{"line":409,"column":12604}},"65":{"start":{"line":410,"column":12},"end":{"line":410,"column":21}},"66":{"start":{"line":412,"column":8},"end":{"line":412,"column":49}},"67":{"start":{"line":414,"column":8},"end":{"line":414,"column":94}},"68":{"start":{"line":416,"column":8},"end":{"line":416,"column":52}},"69":{"start":{"line":418,"column":8},"end":{"line":418,"column":12930}},"70":{"start":{"line":419,"column":12},"end":{"line":419,"column":12962}},"71":{"start":{"line":420,"column":16},"end":{"line":420,"column":71}},"72":{"start":{"line":422,"column":15},"end":{"line":422,"column":107}},"73":{"start":{"line":424,"column":14},"end":{"line":424,"column":46}},"74":{"start":{"line":427,"column":12},"end":{"line":427,"column":62}},"75":{"start":{"line":428,"column":12},"end":{"line":428,"column":55}},"76":{"start":{"line":429,"column":3},"end":{"line":429,"column":20}},"77":{"start":{"line":449,"column":8},"end":{"line":449,"column":73}},"78":{"start":{"line":450,"column":8},"end":{"line":450,"column":73}},"79":{"start":{"line":452,"column":8},"end":{"line":452,"column":56}},"80":{"start":{"line":453,"column":8},"end":{"line":453,"column":45}},"81":{"start":{"line":457,"column":2},"end":{"line":457,"column":36}},"82":{"start":{"line":458,"column":2},"end":{"line":458,"column":38}},"83":{"start":{"line":459,"column":2},"end":{"line":459,"column":30}},"84":{"start":{"line":463,"column":8},"end":{"line":463,"column":47}},"85":{"start":{"line":464,"column":8},"end":{"line":464,"column":36}},"86":{"start":{"line":466,"column":8},"end":{"line":466,"column":19}},"87":{"start":{"line":468,"column":8},"end":{"line":468,"column":58}},"88":{"start":{"line":469,"column":8},"end":{"line":469,"column":90}},"89":{"start":{"line":470,"column":8},"end":{"line":470,"column":88}},"90":{"start":{"line":471,"column":8},"end":{"line":471,"column":66}},"91":{"start":{"line":474,"column":8},"end":{"line":474,"column":38}},"92":{"start":{"line":478,"column":8},"end":{"line":478,"column":59}},"93":{"start":{"line":480,"column":8},"end":{"line":480,"column":61}},"94":{"start":{"line":482,"column":8},"end":{"line":482,"column":66}},"95":{"start":{"line":484,"column":8},"end":{"line":484,"column":75}},"96":{"start":{"line":486,"column":8},"end":{"line":486,"column":101}},"97":{"start":{"line":489,"column":8},"end":{"line":489,"column":58}},"98":{"start":{"line":491,"column":8},"end":{"line":491,"column":97}},"99":{"start":{"line":493,"column":8},"end":{"line":493,"column":45}},"100":{"start":{"line":495,"column":8},"end":{"line":495,"column":92}},"101":{"start":{"line":496,"column":8},"end":{"line":496,"column":88}},"102":{"start":{"line":498,"column":8},"end":{"line":498,"column":40}},"103":{"start":{"line":502,"column":8},"end":{"line":502,"column":47}},"104":{"start":{"line":503,"column":2},"end":{"line":503,"column":15916}},"105":{"start":{"line":504,"column":6},"end":{"line":504,"column":14}},"106":{"start":{"line":507,"column":2},"end":{"line":507,"column":60}},"107":{"start":{"line":508,"column":2},"end":{"line":508,"column":81}},"108":{"start":{"line":509,"column":2},"end":{"line":509,"column":47}},"109":{"start":{"line":510,"column":2},"end":{"line":510,"column":33}},"110":{"start":{"line":511,"column":8},"end":{"line":511,"column":18}},"111":{"start":{"line":515,"column":8},"end":{"line":515,"column":93}},"112":{"start":{"line":516,"column":8},"end":{"line":516,"column":87}},"113":{"start":{"line":521,"column":5},"end":{"line":521,"column":90}},"114":{"start":{"line":522,"column":8},"end":{"line":522,"column":64}},"115":{"start":{"line":527,"column":7},"end":{"line":527,"column":99}},"116":{"start":{"line":531,"column":9},"end":{"line":531,"column":43}},"117":{"start":{"line":532,"column":9},"end":{"line":532,"column":27}},"118":{"start":{"line":533,"column":9},"end":{"line":533,"column":27}},"119":{"start":{"line":534,"column":9},"end":{"line":534,"column":26}},"120":{"start":{"line":538,"column":8},"end":{"line":538,"column":25}}},"branchMap":{"1":{"line":19,"type":"if","locations":[{"start":{"line":19,"column":8},"end":{"line":19,"column":8}},{"start":{"line":19,"column":8},"end":{"line":19,"column":8}}]},"2":{"line":49,"type":"if","locations":[{"start":{"line":49,"column":8},"end":{"line":49,"column":8}},{"start":{"line":49,"column":8},"end":{"line":49,"column":8}}]},"3":{"line":69,"type":"if","locations":[{"start":{"line":69,"column":8},"end":{"line":69,"column":8}},{"start":{"line":69,"column":8},"end":{"line":69,"column":8}}]},"4":{"line":74,"type":"if","locations":[{"start":{"line":74,"column":8},"end":{"line":74,"column":8}},{"start":{"line":74,"column":8},"end":{"line":74,"column":8}}]},"5":{"line":108,"type":"if","locations":[{"start":{"line":108,"column":8},"end":{"line":108,"column":8}},{"start":{"line":108,"column":8},"end":{"line":108,"column":8}}]},"6":{"line":208,"type":"if","locations":[{"start":{"line":208,"column":8},"end":{"line":208,"column":8}},{"start":{"line":208,"column":8},"end":{"line":208,"column":8}}]},"7":{"line":287,"type":"if","locations":[{"start":{"line":287,"column":8},"end":{"line":287,"column":8}},{"start":{"line":287,"column":8},"end":{"line":287,"column":8}}]},"8":{"line":401,"type":"if","locations":[{"start":{"line":401,"column":8},"end":{"line":401,"column":8}},{"start":{"line":401,"column":8},"end":{"line":401,"column":8}}]},"9":{"line":402,"type":"if","locations":[{"start":{"line":402,"column":8},"end":{"line":402,"column":8}},{"start":{"line":402,"column":8},"end":{"line":402,"column":8}}]},"10":{"line":403,"type":"if","locations":[{"start":{"line":403,"column":8},"end":{"line":403,"column":8}},{"start":{"line":403,"column":8},"end":{"line":403,"column":8}}]},"11":{"line":409,"type":"if","locations":[{"start":{"line":409,"column":8},"end":{"line":409,"column":8}},{"start":{"line":409,"column":8},"end":{"line":409,"column":8}}]},"12":{"line":418,"type":"if","locations":[{"start":{"line":418,"column":8},"end":{"line":418,"column":8}},{"start":{"line":418,"column":8},"end":{"line":418,"column":8}}]},"13":{"line":419,"type":"if","locations":[{"start":{"line":419,"column":12},"end":{"line":419,"column":12}},{"start":{"line":419,"column":12},"end":{"line":419,"column":12}}]},"14":{"line":449,"type":"if","locations":[{"start":{"line":449,"column":8},"end":{"line":449,"column":8}},{"start":{"line":449,"column":8},"end":{"line":449,"column":8}}]},"15":{"line":450,"type":"if","locations":[{"start":{"line":450,"column":8},"end":{"line":450,"column":8}},{"start":{"line":450,"column":8},"end":{"line":450,"column":8}}]},"16":{"line":457,"type":"if","locations":[{"start":{"line":457,"column":2},"end":{"line":457,"column":2}},{"start":{"line":457,"column":2},"end":{"line":457,"column":2}}]},"17":{"line":463,"type":"if","locations":[{"start":{"line":463,"column":8},"end":{"line":463,"column":8}},{"start":{"line":463,"column":8},"end":{"line":463,"column":8}}]},"18":{"line":464,"type":"if","locations":[{"start":{"line":464,"column":8},"end":{"line":464,"column":8}},{"start":{"line":464,"column":8},"end":{"line":464,"column":8}}]},"19":{"line":478,"type":"if","locations":[{"start":{"line":478,"column":8},"end":{"line":478,"column":8}},{"start":{"line":478,"column":8},"end":{"line":478,"column":8}}]},"20":{"line":503,"type":"if","locations":[{"start":{"line":503,"column":2},"end":{"line":503,"column":2}},{"start":{"line":503,"column":2},"end":{"line":503,"column":2}}]},"21":{"line":531,"type":"if","locations":[{"start":{"line":531,"column":9},"end":{"line":531,"column":9}},{"start":{"line":531,"column":9},"end":{"line":531,"column":9}}]},"22":{"line":532,"type":"if","locations":[{"start":{"line":532,"column":9},"end":{"line":532,"column":9}},{"start":{"line":532,"column":9},"end":{"line":532,"column":9}}]}}}}
