TN:
SF:/home/abhi/Projects/cxn/contracts/CXN.sol
FN:17,add
FN:34,sub
FN:48,sub
FN:65,mul
FN:91,div
FN:107,div
FN:206,constructor
FN:235,name
FN:243,symbol
FN:260,decimals
FN:267,totalSupply
FN:274,balanceOf
FN:278,stakeOf
FN:282,totalStake
FN:286,changeAdmin
FN:307,transfer
FN:316,allowance
FN:327,approve
FN:344,transferFrom
FN:362,increaseAllowance
FN:381,decreaseAllowance
FN:400,_transfer
FN:448,_approve
FN:456,eliters
FN:462,stake
FN:477,unStake
FN:501,redeemGain
FN:514,stakeReturnOf
FN:520,_stakeReturnOfAmount
FN:526,partyDetails
FN:530,setMinStake
FN:537,minStake
FNF:32
FNH:32
FNDA:22,add
FNDA:30,sub
FNDA:39,sub
FNDA:27,mul
FNDA:27,div
FNDA:27,div
FNDA:1,constructor
FNDA:1,name
FNDA:1,symbol
FNDA:1,decimals
FNDA:6,totalSupply
FNDA:35,balanceOf
FNDA:6,stakeOf
FNDA:6,totalStake
FNDA:1,changeAdmin
FNDA:6,transfer
FNDA:4,allowance
FNDA:1,approve
FNDA:1,transferFrom
FNDA:1,increaseAllowance
FNDA:1,decreaseAllowance
FNDA:7,_transfer
FNDA:4,_approve
FNDA:2,eliters
FNDA:3,stake
FNDA:1,unStake
FNDA:6,redeemGain
FNDA:12,stakeReturnOf
FNDA:1,_stakeReturnOfAmount
FNDA:5,partyDetails
FNDA:1,setMinStake
FNDA:1,minStake
DA:18,22
DA:19,22
DA:21,22
DA:35,30
DA:49,39
DA:50,39
DA:52,39
DA:69,27
DA:70,9
DA:73,18
DA:74,18
DA:76,18
DA:92,27
DA:108,27
DA:109,27
DA:112,27
DA:208,1
DA:210,1
DA:211,1
DA:212,1
DA:213,1
DA:214,1
DA:215,1
DA:216,1
DA:217,1
DA:218,1
DA:219,1
DA:220,1
DA:222,1
DA:223,1
DA:224,1
DA:225,1
DA:226,1
DA:227,1
DA:229,1
DA:236,1
DA:244,1
DA:261,1
DA:268,6
DA:275,35
DA:279,6
DA:283,6
DA:287,1
DA:290,1
DA:291,1
DA:293,1
DA:308,6
DA:310,6
DA:317,4
DA:328,1
DA:329,1
DA:345,1
DA:346,1
DA:347,1
DA:363,1
DA:364,1
DA:382,1
DA:383,1
DA:401,7
DA:402,7
DA:403,7
DA:405,7
DA:407,7
DA:409,7
DA:410,5
DA:412,7
DA:414,7
DA:416,7
DA:418,7
DA:419,2
DA:420,2
DA:422,2
DA:424,2
DA:427,2
DA:428,2
DA:429,2
DA:449,4
DA:450,4
DA:452,4
DA:453,4
DA:457,2
DA:458,2
DA:459,2
DA:463,3
DA:464,3
DA:466,3
DA:468,3
DA:469,3
DA:470,3
DA:471,3
DA:474,3
DA:478,1
DA:480,1
DA:482,1
DA:484,1
DA:486,1
DA:489,1
DA:491,1
DA:493,1
DA:495,1
DA:496,1
DA:498,1
DA:502,6
DA:503,6
DA:504,3
DA:507,3
DA:508,3
DA:509,3
DA:510,3
DA:511,3
DA:515,12
DA:516,12
DA:521,1
DA:522,1
DA:527,5
DA:531,1
DA:532,1
DA:533,1
DA:534,1
DA:538,1
LF:120
LH:120
BRDA:19,1,0,22
BRDA:19,1,1,0
BRDA:49,2,0,39
BRDA:49,2,1,0
BRDA:69,3,0,9
BRDA:69,3,1,18
BRDA:74,4,0,18
BRDA:74,4,1,0
BRDA:108,5,0,27
BRDA:108,5,1,0
BRDA:208,6,0,1
BRDA:208,6,1,0
BRDA:287,7,0,1
BRDA:287,7,1,0
BRDA:401,8,0,7
BRDA:401,8,1,0
BRDA:402,9,0,7
BRDA:402,9,1,0
BRDA:403,10,0,7
BRDA:403,10,1,0
BRDA:409,11,0,5
BRDA:409,11,1,2
BRDA:418,12,0,2
BRDA:418,12,1,5
BRDA:419,13,0,2
BRDA:419,13,1,0
BRDA:449,14,0,4
BRDA:449,14,1,0
BRDA:450,15,0,4
BRDA:450,15,1,0
BRDA:457,16,0,2
BRDA:457,16,1,0
BRDA:463,17,0,3
BRDA:463,17,1,0
BRDA:464,18,0,3
BRDA:464,18,1,0
BRDA:478,19,0,1
BRDA:478,19,1,0
BRDA:503,20,0,3
BRDA:503,20,1,3
BRDA:531,21,0,1
BRDA:531,21,1,0
BRDA:532,22,0,1
BRDA:532,22,1,0
BRF:44
BRH:26
end_of_record
